mymobkit/mymobkit/myMobKit/build/outputs/logs/manifest-merger-debug-report.txt
-- Merging decision tree log ---
manifest
ADDED from src\main\AndroidManifest.xml:2:1-441:12
	package
		ADDED from src\main\AndroidManifest.xml:4:5-27
		INJECTED from src\main\AndroidManifest.xml
		INJECTED from src\main\AndroidManifest.xml
	android:versionName
		ADDED from src\main\AndroidManifest.xml:7:5-33
		INJECTED from src\main\AndroidManifest.xml
		INJECTED from src\main\AndroidManifest.xml
	xmlns:tools
		ADDED from src\main\AndroidManifest.xml:3:5-51
	android:versionCode
		ADDED from src\main\AndroidManifest.xml:6:5-29
		INJECTED from src\main\AndroidManifest.xml
		INJECTED from src\main\AndroidManifest.xml
	xmlns:android
		ADDED from src\main\AndroidManifest.xml:2:11-69
	android:installLocation
		ADDED from src\main\AndroidManifest.xml:5:5-35
uses-sdk
ADDED from src\main\AndroidManifest.xml:10:5-12:41
MERGED from [mymobkit:opencvlibrary300:unspecified] AndroidManifest.xml:7:5-9:41
MERGED from [com.android.support:support-v13:23.4.0] AndroidManifest.xml:20:5-44
MERGED from [com.android.support:support-v4:23.4.0] AndroidManifest.xml:20:5-43
MERGED from [com.android.support:cardview-v7:23.4.0] AndroidManifest.xml:20:5-43
MERGED from [com.android.support:design:23.4.0] AndroidManifest.xml:20:5-43
MERGED from [com.android.support:recyclerview-v7:23.4.0] AndroidManifest.xml:20:5-43
MERGED from [com.android.support:appcompat-v7:23.4.0] AndroidManifest.xml:21:5-23:78
MERGED from [com.android.support:animated-vector-drawable:23.4.0] AndroidManifest.xml:5:5-44
MERGED from [com.android.support:support-vector-drawable:23.4.0] AndroidManifest.xml:5:5-43
MERGED from [com.google.android.gms:play-services-gcm:9.0.2] AndroidManifest.xml:18:5-42
MERGED from [com.google.android.gms:play-services-base:9.0.2] AndroidManifest.xml:18:5-42
MERGED from [com.google.android.gms:play-services-basement:9.0.2] AndroidManifest.xml:18:5-42
MERGED from [com.google.firebase:firebase-common:9.0.2] AndroidManifest.xml:4:5-43
MERGED from [com.google.android.gms:play-services-tasks:9.0.2] AndroidManifest.xml:4:5-43
MERGED from [com.google.android.gms:play-services-iid:9.0.2] AndroidManifest.xml:18:5-42
MERGED from [com.google.android.gms:play-services-drive:9.0.2] AndroidManifest.xml:18:5-42
MERGED from [com.google.android.gms:play-services-location:9.0.2] AndroidManifest.xml:18:5-42
MERGED from [com.google.android.gms:play-services-maps:9.0.2] AndroidManifest.xml:26:5-42
MERGED from [com.github.codechimp-org.apprater:library:1.0.30] AndroidManifest.xml:7:5-9:41
MERGED from [ch.acra:acra:4.8.2] AndroidManifest.xml:37:5-72
MERGED from [org.bitbucket.haibison:android-lockpattern:9.0.0] AndroidManifest.xml:20:5-22:41
MERGED from [org.bitbucket.haibison:underdogs:3.2.0] AndroidManifest.xml:11:5-13:41
MERGED from [com.commit451:PhotoView:1.2.4] AndroidManifest.xml:8:5-10:41
MERGED from [org.whispersystems:jobmanager:1.0.2] AndroidManifest.xml:7:5-9:41
MERGED from [com.github.hotchemi:permissionsdispatcher:2.1.3] AndroidManifest.xml:6:5-9:55
MERGED from [com.google.firebase:firebase-core:9.0.2] AndroidManifest.xml:4:5-42
MERGED from [com.google.firebase:firebase-analytics:9.0.2] AndroidManifest.xml:18:5-42
MERGED from [com.google.firebase:firebase-analytics-impl:9.0.2] AndroidManifest.xml:18:5-42
MERGED from [com.google.firebase:firebase-iid:9.0.2] AndroidManifest.xml:18:5-42
MERGED from [com.android.databinding:adapters:1.2.1] AndroidManifest.xml:22:5-24:41
MERGED from [com.android.databinding:library:1.2.1] AndroidManifest.xml:22:5-24:41
	tools:overrideLibrary
		ADDED from [com.android.support:appcompat-v7:23.4.0] AndroidManifest.xml:23:9-75
	android:targetSdkVersion
		ADDED from src\main\AndroidManifest.xml:12:9-38
		INJECTED from src\main\AndroidManifest.xml
		INJECTED from src\main\AndroidManifest.xml
	android:minSdkVersion
		ADDED from src\main\AndroidManifest.xml:11:9-35
		INJECTED from src\main\AndroidManifest.xml
		INJECTED from src\main\AndroidManifest.xml
uses-feature#android.hardware.touchscreen
ADDED from src\main\AndroidManifest.xml:14:5-16:36
	android:required
		ADDED from src\main\AndroidManifest.xml:16:9-33
	android:name
		ADDED from src\main\AndroidManifest.xml:15:9-52
uses-feature#android.hardware.camera.any
ADDED from src\main\AndroidManifest.xml:19:5-21:35
	android:required
		ADDED from src\main\AndroidManifest.xml:21:9-32
	android:name
		ADDED from src\main\AndroidManifest.xml:20:9-51
uses-feature#android.hardware.camera.autofocus
ADDED from src\main\AndroidManifest.xml:22:5-24:36
	android:required
		ADDED from src\main\AndroidManifest.xml:24:9-33
	android:name
		ADDED from src\main\AndroidManifest.xml:23:9-57
uses-feature#android.hardware.camera.front
ADDED from src\main\AndroidManifest.xml:25:5-27:36
	android:required
		ADDED from src\main\AndroidManifest.xml:27:9-33
	android:name
		ADDED from src\main\AndroidManifest.xml:26:9-53
uses-feature#android.hardware.camera.front.autofocus
ADDED from src\main\AndroidManifest.xml:28:5-30:36
	android:required
		ADDED from src\main\AndroidManifest.xml:30:9-33
	android:name
		ADDED from src\main\AndroidManifest.xml:29:9-63
uses-feature#android.hardware.telephony
ADDED from src\main\AndroidManifest.xml:31:5-33:36
	android:required
		ADDED from src\main\AndroidManifest.xml:33:9-33
	android:name
		ADDED from src\main\AndroidManifest.xml:32:9-50
uses-feature#android.hardware.location.network
ADDED from src\main\AndroidManifest.xml:34:5-36:36
	android:required
		ADDED from src\main\AndroidManifest.xml:36:9-33
	android:name
		ADDED from src\main\AndroidManifest.xml:35:9-57
uses-feature#android.hardware.location
ADDED from src\main\AndroidManifest.xml:37:5-39:36
	android:required
		ADDED from src\main\AndroidManifest.xml:39:9-33
	android:name
		ADDED from src\main\AndroidManifest.xml:38:9-49
uses-feature#android.hardware.microphone
ADDED from src\main\AndroidManifest.xml:40:5-42:36
	android:required
		ADDED from src\main\AndroidManifest.xml:42:9-33
	android:name
		ADDED from src\main\AndroidManifest.xml:41:9-51
uses-feature#android.hardware.wifi
ADDED from src\main\AndroidManifest.xml:43:5-45:36
	android:required
		ADDED from src\main\AndroidManifest.xml:45:9-33
	android:name
		ADDED from src\main\AndroidManifest.xml:44:9-45
uses-feature#android.hardware.location.gps
ADDED from src\main\AndroidManifest.xml:46:5-48:36
	android:required
		ADDED from src\main\AndroidManifest.xml:48:9-33
	android:name
		ADDED from src\main\AndroidManifest.xml:47:9-53
uses-feature#0x00020000
ADDED from src\main\AndroidManifest.xml:51:5-53:36
MERGED from [com.google.android.gms:play-services-maps:9.0.2] AndroidManifest.xml:22:5-24:33
	android:glEsVersion
		ADDED from src\main\AndroidManifest.xml:52:9-41
	android:required
		ADDED from src\main\AndroidManifest.xml:53:9-33
uses-permission#android.permission.CAMERA
ADDED from src\main\AndroidManifest.xml:55:5-65
	android:name
		ADDED from src\main\AndroidManifest.xml:55:22-62
uses-permission#android.permission.INTERNET
ADDED from src\main\AndroidManifest.xml:56:5-67
MERGED from [com.google.android.gms:play-services-gcm:9.0.2] AndroidManifest.xml:22:5-67
MERGED from [com.google.android.gms:play-services-iid:9.0.2] AndroidManifest.xml:22:5-67
MERGED from [com.google.android.gms:play-services-maps:9.0.2] AndroidManifest.xml:21:5-66
MERGED from [com.google.firebase:firebase-analytics:9.0.2] AndroidManifest.xml:21:5-67
MERGED from [com.google.firebase:firebase-analytics-impl:9.0.2] AndroidManifest.xml:21:5-67
MERGED from [com.google.firebase:firebase-iid:9.0.2] AndroidManifest.xml:21:5-67
	android:name
		ADDED from src\main\AndroidManifest.xml:56:22-64
uses-permission#android.permission.MODIFY_AUDIO_SETTINGS
ADDED from src\main\AndroidManifest.xml:57:5-80
	android:name
		ADDED from src\main\AndroidManifest.xml:57:22-77
uses-permission#android.permission.READ_CONTACTS
ADDED from src\main\AndroidManifest.xml:58:5-72
	android:name
		ADDED from src\main\AndroidManifest.xml:58:22-69
uses-permission#android.permission.WRITE_CONTACTS
ADDED from src\main\AndroidManifest.xml:59:5-73
	android:name
		ADDED from src\main\AndroidManifest.xml:59:22-70
uses-permission#android.permission.READ_CALL_LOG
ADDED from src\main\AndroidManifest.xml:60:5-72
	android:name
		ADDED from src\main\AndroidManifest.xml:60:22-69
uses-permission#android.permission.READ_PHONE_STATE
ADDED from src\main\AndroidManifest.xml:61:5-75
	android:name
		ADDED from src\main\AndroidManifest.xml:61:22-72
uses-permission#android.permission.WRITE_SETTINGS
ADDED from src\main\AndroidManifest.xml:62:5-73
	android:name
		ADDED from src\main\AndroidManifest.xml:62:22-70
uses-permission#android.permission.VIBRATE
ADDED from src\main\AndroidManifest.xml:63:5-66
	android:name
		ADDED from src\main\AndroidManifest.xml:63:22-63
uses-permission#android.permission.RECEIVE_BOOT_COMPLETED
ADDED from src\main\AndroidManifest.xml:64:5-81
	android:name
		ADDED from src\main\AndroidManifest.xml:64:22-78
uses-permission#android.permission.ACCESS_NETWORK_STATE
ADDED from src\main\AndroidManifest.xml:65:5-79
MERGED from [com.google.android.gms:play-services-maps:9.0.2] AndroidManifest.xml:20:5-78
MERGED from [com.google.firebase:firebase-analytics:9.0.2] AndroidManifest.xml:22:5-79
MERGED from [com.google.firebase:firebase-analytics-impl:9.0.2] AndroidManifest.xml:22:5-79
MERGED from [com.google.firebase:firebase-iid:9.0.2] AndroidManifest.xml:20:5-79
	android:name
		ADDED from src\main\AndroidManifest.xml:65:22-76
uses-permission#android.permission.ACCESS_WIFI_STATE
ADDED from src\main\AndroidManifest.xml:66:5-76
	android:name
		ADDED from src\main\AndroidManifest.xml:66:22-73
uses-permission#android.permission.CHANGE_WIFI_STATE
ADDED from src\main\AndroidManifest.xml:67:5-76
	android:name
		ADDED from src\main\AndroidManifest.xml:67:22-73
uses-permission#android.permission.RECORD_AUDIO
ADDED from src\main\AndroidManifest.xml:69:5-71
	android:name
		ADDED from src\main\AndroidManifest.xml:69:22-68
uses-permission#android.permission.WRITE_EXTERNAL_STORAGE
ADDED from src\main\AndroidManifest.xml:70:5-81
	android:name
		ADDED from src\main\AndroidManifest.xml:70:22-78
uses-permission#android.permission.ACCESS_FINE_LOCATION
ADDED from src\main\AndroidManifest.xml:71:5-79
	android:name
		ADDED from src\main\AndroidManifest.xml:71:22-76
uses-permission#android.permission.ACCESS_COARSE_LOCATION
ADDED from src\main\AndroidManifest.xml:72:5-81
	android:name
		ADDED from src\main\AndroidManifest.xml:72:22-78
uses-permission#android.permission.GET_ACCOUNTS
ADDED from src\main\AndroidManifest.xml:73:5-71
	android:name
		ADDED from src\main\AndroidManifest.xml:73:22-68
uses-permission#android.permission.RECEIVE_SMS
ADDED from src\main\AndroidManifest.xml:74:5-70
	android:name
		ADDED from src\main\AndroidManifest.xml:74:22-67
uses-permission#android.permission.RECEIVE_MMS
ADDED from src\main\AndroidManifest.xml:75:5-70
	android:name
		ADDED from src\main\AndroidManifest.xml:75:22-67
uses-permission#android.permission.READ_SMS
ADDED from src\main\AndroidManifest.xml:76:5-67
	android:name
		ADDED from src\main\AndroidManifest.xml:76:22-64
uses-permission#android.permission.SEND_SMS
ADDED from src\main\AndroidManifest.xml:77:5-67
	android:name
		ADDED from src\main\AndroidManifest.xml:77:22-64
uses-permission#android.permission.WRITE_SMS
ADDED from src\main\AndroidManifest.xml:78:5-68
	android:name
		ADDED from src\main\AndroidManifest.xml:78:22-65
uses-permission#android.permission.WAKE_LOCK
ADDED from src\main\AndroidManifest.xml:79:5-68
MERGED from [org.whispersystems:jobmanager:1.0.2] AndroidManifest.xml:11:5-68
MERGED from [com.google.firebase:firebase-analytics:9.0.2] AndroidManifest.xml:24:5-67
MERGED from [com.google.firebase:firebase-analytics-impl:9.0.2] AndroidManifest.xml:24:5-67
MERGED from [com.google.firebase:firebase-iid:9.0.2] AndroidManifest.xml:22:5-68
	android:name
		ADDED from src\main\AndroidManifest.xml:79:22-65
uses-permission#android.permission.USE_CREDENTIALS
ADDED from src\main\AndroidManifest.xml:80:5-74
	android:name
		ADDED from src\main\AndroidManifest.xml:80:22-71
uses-permission#android.permission.CHANGE_NETWORK_STATE
ADDED from src\main\AndroidManifest.xml:81:5-79
	android:name
		ADDED from src\main\AndroidManifest.xml:81:22-76
uses-permission#android.permission.READ_EXTERNAL_STORAGE
ADDED from src\main\AndroidManifest.xml:82:5-80
	android:name
		ADDED from src\main\AndroidManifest.xml:82:22-77
uses-permission#android.permission.CALL_PHONE
ADDED from src\main\AndroidManifest.xml:83:5-69
	android:name
		ADDED from src\main\AndroidManifest.xml:83:22-66
uses-permission#android.permission.BROADCAST_WAP_PUSH
ADDED from src\main\AndroidManifest.xml:86:5-88:47
	tools:ignore
		ADDED from src\main\AndroidManifest.xml:88:9-44
	android:name
		ADDED from src\main\AndroidManifest.xml:87:9-61
uses-permission#com.google.android.c2dm.permission.RECEIVE
ADDED from src\main\AndroidManifest.xml:91:5-82
MERGED from [com.google.android.gms:play-services-gcm:9.0.2] AndroidManifest.xml:21:5-82
MERGED from [com.google.android.gms:play-services-iid:9.0.2] AndroidManifest.xml:21:5-82
MERGED from [com.google.firebase:firebase-iid:9.0.2] AndroidManifest.xml:23:5-82
	android:name
		ADDED from src\main\AndroidManifest.xml:91:22-79
permission#com.mymobkit.permission.C2D_MESSAGE
ADDED from src\main\AndroidManifest.xml:93:5-95:47
MERGED from [com.google.firebase:firebase-iid:9.0.2] AndroidManifest.xml:25:5-26:47
	android:protectionLevel
		ADDED from src\main\AndroidManifest.xml:95:9-44
	android:name
		ADDED from src\main\AndroidManifest.xml:94:9-59
uses-permission#com.mymobkit.permission.C2D_MESSAGE
ADDED from src\main\AndroidManifest.xml:97:5-75
MERGED from [com.google.firebase:firebase-iid:9.0.2] AndroidManifest.xml:28:5-79
	android:name
		ADDED from src\main\AndroidManifest.xml:97:22-72
uses-permission#android.permission.SYSTEM_ALERT_WINDOW
ADDED from src\main\AndroidManifest.xml:98:5-78
	android:name
		ADDED from src\main\AndroidManifest.xml:98:22-75
supports-screens
ADDED from src\main\AndroidManifest.xml:107:5-112:39
	android:largeScreens
		ADDED from src\main\AndroidManifest.xml:109:9-36
	android:smallScreens
		ADDED from src\main\AndroidManifest.xml:112:9-36
	android:normalScreens
		ADDED from src\main\AndroidManifest.xml:110:9-37
	android:resizeable
		ADDED from src\main\AndroidManifest.xml:111:9-34
	android:anyDensity
		ADDED from src\main\AndroidManifest.xml:108:9-34
application
ADDED from src\main\AndroidManifest.xml:114:5-439:19
MERGED from [com.android.support:support-v13:23.4.0] AndroidManifest.xml:22:5-20
MERGED from [com.android.support:support-v4:23.4.0] AndroidManifest.xml:22:5-20
MERGED from [com.android.support:cardview-v7:23.4.0] AndroidManifest.xml:22:5-20
MERGED from [com.android.support:design:23.4.0] AndroidManifest.xml:22:5-20
MERGED from [com.android.support:appcompat-v7:23.4.0] AndroidManifest.xml:25:5-20
MERGED from [com.android.support:animated-vector-drawable:23.4.0] AndroidManifest.xml:7:5-20
MERGED from [com.android.support:support-vector-drawable:23.4.0] AndroidManifest.xml:7:5-20
MERGED from [com.google.android.gms:play-services-gcm:9.0.2] AndroidManifest.xml:24:5-20
MERGED from [com.google.android.gms:play-services-base:9.0.2] AndroidManifest.xml:19:5-23:19
MERGED from [com.google.android.gms:play-services-basement:9.0.2] AndroidManifest.xml:20:5-24:19
MERGED from [com.google.firebase:firebase-common:9.0.2] AndroidManifest.xml:5:5-12:19
MERGED from [com.google.android.gms:play-services-tasks:9.0.2] AndroidManifest.xml:5:5-20
MERGED from [com.google.android.gms:play-services-iid:9.0.2] AndroidManifest.xml:24:5-20
MERGED from [com.google.android.gms:play-services-drive:9.0.2] AndroidManifest.xml:19:5-20
MERGED from [com.google.android.gms:play-services-location:9.0.2] AndroidManifest.xml:19:5-20
MERGED from [com.google.android.gms:play-services-maps:9.0.2] AndroidManifest.xml:27:5-20
MERGED from [ch.acra:acra:4.8.2] AndroidManifest.xml:39:5-43:19
MERGED from [org.bitbucket.haibison:android-lockpattern:9.0.0] AndroidManifest.xml:24:5-32:19
MERGED from [org.whispersystems:jobmanager:1.0.2] AndroidManifest.xml:13:5-20
MERGED from [com.google.firebase:firebase-core:9.0.2] AndroidManifest.xml:5:5-20
MERGED from [com.google.firebase:firebase-analytics:9.0.2] AndroidManifest.xml:26:5-41:19
MERGED from [com.google.firebase:firebase-analytics-impl:9.0.2] AndroidManifest.xml:26:5-41:19
MERGED from [com.google.firebase:firebase-iid:9.0.2] AndroidManifest.xml:30:5-59:19
	android:label
		ADDED from src\main\AndroidManifest.xml:119:9-41
	android:hardwareAccelerated
		ADDED from src\main\AndroidManifest.xml:117:9-43
	android:allowBackup
		ADDED from src\main\AndroidManifest.xml:116:9-35
	android:icon
		ADDED from src\main\AndroidManifest.xml:118:9-45
	android:theme
		ADDED from src\main\AndroidManifest.xml:121:9-46
	android:logo
		ADDED from src\main\AndroidManifest.xml:120:9-48
	android:name
		ADDED from src\main\AndroidManifest.xml:115:9-42
activity#com.mymobkit.ui.activity.ControlPanelActivity
ADDED from src\main\AndroidManifest.xml:151:9-175:20
	android:label
		ADDED from src\main\AndroidManifest.xml:154:13-45
	android:launchMode
		ADDED from src\main\AndroidManifest.xml:155:13-43
	android:windowSoftInputMode
		ADDED from src\main\AndroidManifest.xml:156:13-67
	android:configChanges
		ADDED from src\main\AndroidManifest.xml:153:13-85
	android:name
		ADDED from src\main\AndroidManifest.xml:152:13-61
intent-filter#android.intent.action.MAIN+android.intent.category.DEFAULT+android.intent.category.LAUNCHER
ADDED from src\main\AndroidManifest.xml:157:13-162:29
action#android.intent.action.MAIN
ADDED from src\main\AndroidManifest.xml:158:17-69
	android:name
		ADDED from src\main\AndroidManifest.xml:158:25-66
category#android.intent.category.LAUNCHER
ADDED from src\main\AndroidManifest.xml:160:17-77
	android:name
		ADDED from src\main\AndroidManifest.xml:160:27-74
category#android.intent.category.DEFAULT
ADDED from src\main\AndroidManifest.xml:161:17-76
	android:name
		ADDED from src\main\AndroidManifest.xml:161:27-73
intent-filter#android.intent.action.VIEW+android.intent.category.BROWSABLE+android.intent.category.DEFAULT
ADDED from src\main\AndroidManifest.xml:164:13-174:29
action#android.intent.action.VIEW
ADDED from src\main\AndroidManifest.xml:165:17-69
	android:name
		ADDED from src\main\AndroidManifest.xml:165:25-66
category#android.intent.category.BROWSABLE
ADDED from src\main\AndroidManifest.xml:167:17-78
	android:name
		ADDED from src\main\AndroidManifest.xml:167:27-75
data
ADDED from src\main\AndroidManifest.xml:171:17-173:45
	android:host
		ADDED from src\main\AndroidManifest.xml:172:21-52
	android:scheme
		ADDED from src\main\AndroidManifest.xml:173:21-42
activity#com.mymobkit.ui.activity.WebcamActivity
ADDED from src\main\AndroidManifest.xml:183:9-196:20
	android:screenOrientation
		ADDED from src\main\AndroidManifest.xml:189:13-50
	android:label
		ADDED from src\main\AndroidManifest.xml:186:13-58
	android:parentActivityName
		ADDED from src\main\AndroidManifest.xml:188:13-75
	android:launchMode
		ADDED from src\main\AndroidManifest.xml:187:13-44
	android:configChanges
		ADDED from src\main\AndroidManifest.xml:185:13-85
	android:theme
		ADDED from src\main\AndroidManifest.xml:190:13-46
	android:name
		ADDED from src\main\AndroidManifest.xml:184:13-55
meta-data#android.support.PARENT_ACTIVITY
ADDED from src\main\AndroidManifest.xml:193:13-195:81
	android:value
		ADDED from src\main\AndroidManifest.xml:195:17-78
	android:name
		ADDED from src\main\AndroidManifest.xml:194:17-63
activity#com.mymobkit.ui.activity.AboutActivity
ADDED from src\main\AndroidManifest.xml:197:9-221:20
	android:label
		ADDED from src\main\AndroidManifest.xml:199:13-54
	android:parentActivityName
		ADDED from src\main\AndroidManifest.xml:201:13-70
	android:launchMode
		ADDED from src\main\AndroidManifest.xml:200:13-43
	android:name
		ADDED from src\main\AndroidManifest.xml:198:13-54
intent-filter#android.intent.action.SEND+android.intent.action.SENDTO+android.intent.category.BROWSABLE+android.intent.category.DEFAULT
ADDED from src\main\AndroidManifest.xml:209:13-220:29
action#android.intent.action.SEND
ADDED from src\main\AndroidManifest.xml:210:17-69
	android:name
		ADDED from src\main\AndroidManifest.xml:210:25-66
action#android.intent.action.SENDTO
ADDED from src\main\AndroidManifest.xml:211:17-71
	android:name
		ADDED from src\main\AndroidManifest.xml:211:25-68
activity#com.mymobkit.ui.activity.ExploreActivity
ADDED from src\main\AndroidManifest.xml:222:9-225:46
	android:label
		ADDED from src\main\AndroidManifest.xml:224:13-50
	android:launchMode
		ADDED from src\main\AndroidManifest.xml:225:13-43
	android:name
		ADDED from src\main\AndroidManifest.xml:223:13-56
activity#com.mymobkit.ui.activity.ViewerActivity
ADDED from src\main\AndroidManifest.xml:227:9-230:46
	android:label
		ADDED from src\main\AndroidManifest.xml:229:13-54
	android:launchMode
		ADDED from src\main\AndroidManifest.xml:230:13-43
	android:name
		ADDED from src\main\AndroidManifest.xml:228:13-55
activity#haibison.android.lockpattern.LockPatternActivity
ADDED from src\main\AndroidManifest.xml:233:9-236:45
MERGED from [org.bitbucket.haibison:android-lockpattern:9.0.0] AndroidManifest.xml:25:9-31:63
	android:screenOrientation
		ADDED from [org.bitbucket.haibison:android-lockpattern:9.0.0] AndroidManifest.xml:30:13-45
	android:excludeFromRecents
		ADDED from [org.bitbucket.haibison:android-lockpattern:9.0.0] AndroidManifest.xml:28:13-46
	android:exported
		ADDED from [org.bitbucket.haibison:android-lockpattern:9.0.0] AndroidManifest.xml:29:13-37
	android:configChanges
		ADDED from [org.bitbucket.haibison:android-lockpattern:9.0.0] AndroidManifest.xml:27:13-115
	android:theme
		ADDED from src\main\AndroidManifest.xml:235:13-67
		REJECTED from [org.bitbucket.haibison:android-lockpattern:9.0.0] AndroidManifest.xml:31:13-60
	tools:replace
		ADDED from src\main\AndroidManifest.xml:236:13-42
	android:name
		ADDED from src\main\AndroidManifest.xml:234:13-76
service#com.mymobkit.service.HttpdService
ADDED from src\main\AndroidManifest.xml:248:9-264:19
	android:enabled
		ADDED from src\main\AndroidManifest.xml:250:13-35
	android:label
		ADDED from src\main\AndroidManifest.xml:253:13-54
	android:exported
		ADDED from src\main\AndroidManifest.xml:251:13-36
	android:icon
		ADDED from src\main\AndroidManifest.xml:252:13-49
	android:name
		ADDED from src\main\AndroidManifest.xml:249:13-49
intent-filter#com.mymobkit.service.IHttpdService
ADDED from src\main\AndroidManifest.xml:254:13-263:29
action#com.mymobkit.service.IHttpdService
ADDED from src\main\AndroidManifest.xml:255:17-77
	android:name
		ADDED from src\main\AndroidManifest.xml:255:25-74
service#com.mymobkit.service.RemoteStartupService
ADDED from src\main\AndroidManifest.xml:265:9-65
	android:name
		ADDED from src\main\AndroidManifest.xml:265:18-62
receiver#com.mymobkit.receiver.MmsReceiver
ADDED from src\main\AndroidManifest.xml:268:9-281:20
	android:enabled
		ADDED from src\main\AndroidManifest.xml:270:13-35
	android:exported
		ADDED from src\main\AndroidManifest.xml:271:13-36
	android:permission
		ADDED from src\main\AndroidManifest.xml:272:13-71
	android:name
		ADDED from src\main\AndroidManifest.xml:269:13-49
intent-filter#android.provider.Telephony.WAP_PUSH_RECEIVED
ADDED from src\main\AndroidManifest.xml:273:13-276:29
	android:priority
		ADDED from src\main\AndroidManifest.xml:273:28-51
action#android.provider.Telephony.WAP_PUSH_RECEIVED
ADDED from src\main\AndroidManifest.xml:274:17-87
	android:name
		ADDED from src\main\AndroidManifest.xml:274:25-84
intent-filter#android.provider.Telephony.WAP_PUSH_DELIVER
ADDED from src\main\AndroidManifest.xml:277:13-280:29
action#android.provider.Telephony.WAP_PUSH_DELIVER
ADDED from src\main\AndroidManifest.xml:278:17-86
	android:name
		ADDED from src\main\AndroidManifest.xml:278:25-83
service#com.mymobkit.service.HeadlessSmsSendService
ADDED from src\main\AndroidManifest.xml:285:9-299:19
	android:exported
		ADDED from src\main\AndroidManifest.xml:287:13-36
	android:permission
		ADDED from src\main\AndroidManifest.xml:288:13-77
	android:name
		ADDED from src\main\AndroidManifest.xml:286:13-59
intent-filter#android.intent.action.RESPOND_VIA_MESSAGE+android.intent.category.DEFAULT
ADDED from src\main\AndroidManifest.xml:289:13-298:29
action#android.intent.action.RESPOND_VIA_MESSAGE
ADDED from src\main\AndroidManifest.xml:290:17-84
	android:name
		ADDED from src\main\AndroidManifest.xml:290:25-81
receiver#com.mymobkit.receiver.PhoneBootReceiver
ADDED from src\main\AndroidManifest.xml:302:9-306:20
	android:name
		ADDED from src\main\AndroidManifest.xml:302:19-61
intent-filter#android.intent.action.BOOT_COMPLETED
ADDED from src\main\AndroidManifest.xml:303:13-305:29
action#android.intent.action.BOOT_COMPLETED
ADDED from src\main\AndroidManifest.xml:304:17-79
	android:name
		ADDED from src\main\AndroidManifest.xml:304:25-76
receiver#com.mymobkit.receiver.SmsReceiver
ADDED from src\main\AndroidManifest.xml:307:9-315:20
	android:exported
		ADDED from src\main\AndroidManifest.xml:309:13-36
	android:permission
		ADDED from src\main\AndroidManifest.xml:310:13-66
	android:name
		ADDED from src\main\AndroidManifest.xml:308:13-49
intent-filter#android.provider.Telephony.SMS_DELIVER+android.provider.Telephony.SMS_RECEIVED
ADDED from src\main\AndroidManifest.xml:311:13-314:29
action#android.provider.Telephony.SMS_DELIVER
ADDED from src\main\AndroidManifest.xml:312:17-81
	android:name
		ADDED from src\main\AndroidManifest.xml:312:25-78
action#android.provider.Telephony.SMS_RECEIVED
ADDED from src\main\AndroidManifest.xml:313:17-82
	android:name
		ADDED from src\main\AndroidManifest.xml:313:25-79
meta-data#com.google.android.gms.version
ADDED from src\main\AndroidManifest.xml:317:9-319:69
MERGED from [com.google.android.gms:play-services-basement:9.0.2] AndroidManifest.xml:21:9-23:69
	android:value
		ADDED from src\main\AndroidManifest.xml:319:13-66
	android:name
		ADDED from src\main\AndroidManifest.xml:318:13-58
receiver#com.google.android.gms.gcm.GcmReceiver
ADDED from src\main\AndroidManifest.xml:321:9-335:20
	android:exported
		ADDED from src\main\AndroidManifest.xml:323:13-36
	android:permission
		ADDED from src\main\AndroidManifest.xml:324:13-73
	android:name
		ADDED from src\main\AndroidManifest.xml:322:13-66
intent-filter#com.google.android.c2dm.intent.RECEIVE+com.google.android.c2dm.intent.REGISTRATION+com.mymobkit
ADDED from src\main\AndroidManifest.xml:325:13-334:29
action#com.google.android.c2dm.intent.RECEIVE
ADDED from src\main\AndroidManifest.xml:328:17-81
	android:name
		ADDED from src\main\AndroidManifest.xml:328:25-78
action#com.google.android.c2dm.intent.REGISTRATION
ADDED from src\main\AndroidManifest.xml:331:17-86
	android:name
		ADDED from src\main\AndroidManifest.xml:331:25-83
category#com.mymobkit
ADDED from src\main\AndroidManifest.xml:333:17-57
	android:name
		ADDED from src\main\AndroidManifest.xml:333:27-54
service#com.mymobkit.gcm.AppGcmListenerService
ADDED from src\main\AndroidManifest.xml:337:9-343:19
	android:exported
		ADDED from src\main\AndroidManifest.xml:339:13-37
	android:name
		ADDED from src\main\AndroidManifest.xml:338:13-54
intent-filter#com.google.android.c2dm.intent.RECEIVE
ADDED from src\main\AndroidManifest.xml:340:13-342:29
service#com.mymobkit.gcm.AppInstanceIDListenerService
ADDED from src\main\AndroidManifest.xml:344:9-350:19
	android:exported
		ADDED from src\main\AndroidManifest.xml:346:13-37
	android:name
		ADDED from src\main\AndroidManifest.xml:345:13-61
intent-filter#com.google.android.gms.iid.InstanceID
ADDED from src\main\AndroidManifest.xml:347:13-349:29
action#com.google.android.gms.iid.InstanceID
ADDED from src\main\AndroidManifest.xml:348:17-80
	android:name
		ADDED from src\main\AndroidManifest.xml:348:25-77
service#com.mymobkit.gcm.RegistrationIntentService
ADDED from src\main\AndroidManifest.xml:351:9-353:40
	android:exported
		ADDED from src\main\AndroidManifest.xml:353:13-37
	android:name
		ADDED from src\main\AndroidManifest.xml:352:13-58
service#com.mymobkit.service.webcam.WebcamService
ADDED from src\main\AndroidManifest.xml:356:9-366:19
	android:enabled
		ADDED from src\main\AndroidManifest.xml:358:13-35
	android:label
		ADDED from src\main\AndroidManifest.xml:361:13-56
	android:exported
		ADDED from src\main\AndroidManifest.xml:359:13-36
	android:permission
		ADDED from src\main\AndroidManifest.xml:362:13-59
	android:icon
		ADDED from src\main\AndroidManifest.xml:360:13-49
	android:name
		ADDED from src\main\AndroidManifest.xml:357:13-57
intent-filter#com.mymobkit.service.ICameraService
ADDED from src\main\AndroidManifest.xml:363:13-365:29
action#com.mymobkit.service.ICameraService
ADDED from src\main\AndroidManifest.xml:364:17-78
	android:name
		ADDED from src\main\AndroidManifest.xml:364:25-75
service#com.mymobkit.service.UssdService
ADDED from src\main\AndroidManifest.xml:368:9-377:19
	android:permission
		ADDED from src\main\AndroidManifest.xml:370:13-79
	android:name
		ADDED from src\main\AndroidManifest.xml:369:13-48
intent-filter#android.accessibilityservice.AccessibilityService
ADDED from src\main\AndroidManifest.xml:371:13-373:29
action#android.accessibilityservice.AccessibilityService
ADDED from src\main\AndroidManifest.xml:372:17-92
	android:name
		ADDED from src\main\AndroidManifest.xml:372:25-89
meta-data#android.accessibilityservice
ADDED from src\main\AndroidManifest.xml:374:13-376:56
	android:resource
		ADDED from src\main\AndroidManifest.xml:376:17-53
	android:name
		ADDED from src\main\AndroidManifest.xml:375:17-60
receiver#com.mymobkit.ui.widget.ViewerWidget
ADDED from src\main\AndroidManifest.xml:395:9-407:20
	android:name
		ADDED from src\main\AndroidManifest.xml:395:19-57
intent-filter#android.appwidget.action.APPWIDGET_DELETED+android.appwidget.action.APPWIDGET_DISABLED+android.appwidget.action.APPWIDGET_ENABLED+android.appwidget.action.APPWIDGET_UPDATE+com.mymobkit.widget.action.UPDATE
ADDED from src\main\AndroidManifest.xml:396:13-402:29
action#android.appwidget.action.APPWIDGET_UPDATE